2022-10-13 01:13:39:1339 [37mdebug[39m: [37mServer is up and running @ http://localhost:3000[39m
2022-10-13 01:13:45:1345 [35mhttp[39m: [35mGET /users?page=1 404 144 - 3.279 ms[39m
[35m[39m
2022-10-13 01:13:46:1346 [35mhttp[39m: [35mGET /users 404 144 - 1.498 ms[39m
[35m[39m
2022-10-13 01:13:48:1348 [35mhttp[39m: [35mGET /service-worker.js 404 156 - 0.662 ms[39m
[35m[39m
2022-10-13 01:13:49:1349 [35mhttp[39m: [35mGET / 200 51 - 2.280 ms[39m
[35m[39m
2022-10-13 01:13:49:1349 [35mhttp[39m: [35mGET /favicon.ico 404 150 - 0.294 ms[39m
[35m[39m
2022-10-13 01:13:51:1351 [35mhttp[39m: [35mGET /service-worker.js 404 156 - 0.483 ms[39m
[35m[39m
2022-10-13 01:13:53:1353 [35mhttp[39m: [35mGET /users 404 144 - 0.487 ms[39m
[35m[39m
2022-10-13 01:13:53:1353 [35mhttp[39m: [35mGET /users 404 144 - 0.309 ms[39m
[35m[39m
2022-10-13 01:13:54:1354 [35mhttp[39m: [35mGET /service-worker.js 404 156 - 0.690 ms[39m
[35m[39m
2022-10-13 01:13:55:1355 [35mhttp[39m: [35mGET /service-worker.js 404 156 - 0.661 ms[39m
[35m[39m
2022-10-13 01:14:07:147 [35mhttp[39m: [35mGET / 304 - - 0.612 ms[39m
[35m[39m
2022-10-13 01:14:08:148 [35mhttp[39m: [35mGET /service-worker.js 404 156 - 0.533 ms[39m
[35m[39m
2022-10-13 01:14:09:149 [35mhttp[39m: [35mGET / 304 - - 0.460 ms[39m
[35m[39m
2022-10-13 01:14:10:1410 [35mhttp[39m: [35mGET /service-worker.js 404 156 - 0.348 ms[39m
[35m[39m
2022-10-13 01:14:12:1412 [35mhttp[39m: [35mGET / 304 - - 0.315 ms[39m
[35m[39m
2022-10-13 01:14:14:1414 [35mhttp[39m: [35mGET /service-worker.js 404 156 - 0.279 ms[39m
[35m[39m
2022-10-13 01:14:33:1433 [35mhttp[39m: [35mGET / 304 - - 0.540 ms[39m
[35m[39m
2022-10-13 01:14:34:1434 [35mhttp[39m: [35mGET /service-worker.js 404 156 - 1.432 ms[39m
[35m[39m
